<?xml version="1.0" encoding="UTF-8"?>
<!-- Generated by org.testng.reporters.JUnitXMLReporter -->
<testsuite ignored="0" hostname="LTIN251772" failures="1" tests="13" name="EdgeTest" time="139.326" errors="0" timestamp="2024-02-13T16:03:45 IST">
  <testcase classname="testCases.Testcases" name="verify_userInfo" time="2.309"/>
  <testcase classname="testCases.Testcases" name="TC_002_OneCognizant" time="13.567"/>
  <testcase classname="testCases.Testcases" name="TC_003_verifyNavigatedToTimesheet" time="4.618"/>
  <testcase classname="testCases.Testcases" name="TC_004_validateTimesheets" time="0.978"/>
  <testcase classname="testCases.Testcases" name="TC_005_verifySearchField" time="0.228"/>
  <testcase classname="testCases.Testcases" name="TC_006_verifyCurrentDateTimesheet" time="4.641"/>
  <testcase classname="testCases.Testcases" name="TC_007_verifyApprovedStatus" time="25.806"/>
  <testcase classname="testCases.Testcases" name="TC_008_verifyOverdueStatus" time="5.004"/>
  <testcase classname="testCases.Testcases" name="TC_009_verifyPartiallyApprovedStatus" time="4.873"/>
  <testcase classname="testCases.Testcases" name="TC_010_verifyPendingStatus" time="24.803">
    <failure type="java.lang.AssertionError" message="wrong status timesheet is displayed in Pending status expected [Pending] but found [Not Submitted]">
      <![CDATA[java.lang.AssertionError: wrong status timesheet is displayed in Pending status expected [Pending] but found [Not Submitted]
at testCases.Testcases.TC_010_verifyPendingStatus(Testcases.java:277)
at java.base/java.util.ArrayList.forEach(ArrayList.java:1511)
... Removed 32 stack frames]]>
    </failure>
  </testcase> <!-- TC_010_verifyPendingStatus -->
  <testcase classname="testCases.Testcases" name="TC_011_verifySavedStatus" time="4.863"/>
  <testcase classname="testCases.Testcases" name="TC_012_verifySentBackforRevisionStatus" time="4.848"/>
  <testcase classname="testCases.Testcases" name="TC_013_verifySubmittedforApprovalStatus" time="24.875"/>
</testsuite> <!-- EdgeTest -->
