<?xml version="1.0" encoding="UTF-8"?>
<testng-results ignored="0" total="1" passed="1" failed="0" skipped="0">
  <reporter-output>
  </reporter-output>
  <suite started-at="2024-02-06T11:51:35 IST" name="Default suite" finished-at="2024-02-06T11:53:03 IST" duration-ms="88234">
    <groups>
    </groups>
    <test started-at="2024-02-06T11:51:35 IST" name="Default test" finished-at="2024-02-06T11:53:03 IST" duration-ms="88234">
      <class name="testCases.TC_001_UserInfoValidation">
        <test-method is-config="true" signature="setup()[pri:0, instance:testCases.TC_001_UserInfoValidation@34e9fd99]" started-at="2024-02-06T11:51:35 IST" name="setup" finished-at="2024-02-06T11:52:54 IST" duration-ms="78958" status="PASS">
          <reporter-output>
          </reporter-output>
        </test-method> <!-- setup -->
        <test-method signature="verify_userInfo()[pri:0, instance:testCases.TC_001_UserInfoValidation@34e9fd99]" started-at="2024-02-06T11:52:54 IST" name="verify_userInfo" finished-at="2024-02-06T11:53:03 IST" duration-ms="8711" status="PASS">
          <reporter-output>
          </reporter-output>
        </test-method> <!-- verify_userInfo -->
        <test-method is-config="true" signature="tearDown()[pri:0, instance:testCases.TC_001_UserInfoValidation@34e9fd99]" started-at="2024-02-06T11:53:03 IST" name="tearDown" finished-at="2024-02-06T11:53:03 IST" duration-ms="434" status="PASS">
          <reporter-output>
          </reporter-output>
        </test-method> <!-- tearDown -->
      </class> <!-- testCases.TC_001_UserInfoValidation -->
    </test> <!-- Default test -->
  </suite> <!-- Default suite -->
</testng-results>
