<?xml version="1.0" encoding="UTF-8"?>
<testng-results ignored="0" total="1" passed="1" failed="0" skipped="0">
  <reporter-output>
  </reporter-output>
  <suite started-at="2024-02-06T16:09:08 IST" name="Default suite" finished-at="2024-02-06T16:09:53 IST" duration-ms="45108">
    <groups>
    </groups>
    <test started-at="2024-02-06T16:09:08 IST" name="Default test" finished-at="2024-02-06T16:09:53 IST" duration-ms="45108">
      <class name="testCases.TC_001_UserInfoValidation">
        <test-method is-config="true" signature="setup()[pri:0, instance:testCases.TC_001_UserInfoValidation@40a4337a]" started-at="2024-02-06T16:09:08 IST" name="setup" finished-at="2024-02-06T16:09:52 IST" duration-ms="43731" status="PASS">
          <reporter-output>
          </reporter-output>
        </test-method> <!-- setup -->
        <test-method signature="verify_userInfo()[pri:0, instance:testCases.TC_001_UserInfoValidation@40a4337a]" started-at="2024-02-06T16:09:52 IST" name="verify_userInfo" finished-at="2024-02-06T16:09:53 IST" duration-ms="1219" status="PASS">
          <reporter-output>
          </reporter-output>
        </test-method> <!-- verify_userInfo -->
      </class> <!-- testCases.TC_001_UserInfoValidation -->
    </test> <!-- Default test -->
  </suite> <!-- Default suite -->
</testng-results>
